2024-08-28 16:56:31  INFO [                main] Project2Application                  : Starting Project2Application using Java 17.0.12 with PID 26268 (C:\Users\ivana.lee\Desktop\project2\target\classes started by ivana.lee in C:\Users\ivana.lee\Desktop\project2)
2024-08-28 16:56:31  INFO [                main] Project2Application                  : No active profile set, falling back to 1 default profile: "default"
2024-08-28 16:56:32  INFO [                main] RepositoryConfigurationDelegate      : Bootstrapping Spring Data JPA repositories in DEFAULT mode.
2024-08-28 16:56:32  INFO [                main] RepositoryConfigurationDelegate      : Finished Spring Data repository scanning in 42 ms. Found 3 JPA repository interfaces.
2024-08-28 16:56:33  INFO [                main] TomcatWebServer                      : Tomcat initialized with port 8080 (http)
2024-08-28 16:56:33  INFO [                main] Http11NioProtocol                    : Initializing ProtocolHandler ["http-nio-8080"]
2024-08-28 16:56:33  INFO [                main] StandardService                      : Starting service [Tomcat]
2024-08-28 16:56:33  INFO [                main] StandardEngine                       : Starting Servlet engine: [Apache Tomcat/10.1.26]
2024-08-28 16:56:33  INFO [                main] [/]                                  : Initializing Spring embedded WebApplicationContext
2024-08-28 16:56:33  INFO [                main] ServletWebServerApplicationContext   : Root WebApplicationContext: initialization completed in 1710 ms
2024-08-28 16:56:33  INFO [                main] LogHelper                            : HHH000204: Processing PersistenceUnitInfo [name: default]
2024-08-28 16:56:33  INFO [                main] Version                              : HHH000412: Hibernate ORM core version 6.5.2.Final
2024-08-28 16:56:33  INFO [                main] RegionFactoryInitiator               : HHH000026: Second-level cache disabled
2024-08-28 16:56:34  INFO [                main] SpringPersistenceUnitInfo            : No LoadTimeWeaver setup: ignoring JPA class transformer
2024-08-28 16:56:34  INFO [                main] HikariDataSource                     : HikariPool-1 - Starting...
2024-08-28 16:56:34  INFO [                main] HikariPool                           : HikariPool-1 - Added connection com.mysql.cj.jdbc.ConnectionImpl@14b48f39
2024-08-28 16:56:34  INFO [                main] HikariDataSource                     : HikariPool-1 - Start completed.
2024-08-28 16:56:35  INFO [                main] JtaPlatformInitiator                 : HHH000489: No JTA platform available (set 'hibernate.transaction.jta.platform' to enable JTA platform integration)
2024-08-28 16:56:35  INFO [                main] LocalContainerEntityManagerFactoryBean: Initialized JPA EntityManagerFactory for persistence unit 'default'
2024-08-28 16:56:35  INFO [                main] InitializeUserDetailsBeanManagerConfigurer$InitializeUserDetailsManagerConfigurer: Global AuthenticationManager configured with UserDetailsService bean with name userDetailsServiceImpl
2024-08-28 16:56:36  INFO [                main] Http11NioProtocol                    : Starting ProtocolHandler ["http-nio-8080"]
2024-08-28 16:56:36  INFO [                main] TomcatWebServer                      : Tomcat started on port 8080 (http) with context path '/'
2024-08-28 16:56:36  INFO [                main] Project2Application                  : Started Project2Application in 5.476 seconds (process running for 5.819)
2024-08-28 16:57:17  INFO [SpringApplicationShutdownHook] LocalContainerEntityManagerFactoryBean: Closing JPA EntityManagerFactory for persistence unit 'default'
2024-08-28 16:57:17  INFO [SpringApplicationShutdownHook] HikariDataSource                     : HikariPool-1 - Shutdown initiated...
2024-08-28 16:57:17  INFO [SpringApplicationShutdownHook] HikariDataSource                     : HikariPool-1 - Shutdown completed.
